This is pdfTeX, Version 3.14159265-2.6-1.40.21 (MiKTeX 2.9.7350 64-bit) (preloaded format=pdflatex 2020.4.7)  5 JUN 2020 13:27
entering extended mode
**f:/TEAN/Portfolio/olympics-graphics/report/report.tex
(f:/TEAN/Portfolio/olympics-graphics/report/report.tex
LaTeX2e <2020-02-02> patch level 5
L3 programming layer <2020-03-06> ("C:\Users\teanm\AppData\Local\Programs\MiKTeX 2.9\tex/latex/base\article.cls"
Document Class: article 2019/12/20 v1.4l Standard LaTeX document class
("C:\Users\teanm\AppData\Local\Programs\MiKTeX 2.9\tex/latex/base\size12.clo"
File: size12.clo 2019/12/20 v1.4l Standard LaTeX file (size option)
)
\c@part=\count167
\c@section=\count168
\c@subsection=\count169
\c@subsubsection=\count170
\c@paragraph=\count171
\c@subparagraph=\count172
\c@figure=\count173
\c@table=\count174
\abovecaptionskip=\skip47
\belowcaptionskip=\skip48
\bibindent=\dimen134
) ("C:\Users\teanm\AppData\Local\Programs\MiKTeX 2.9\tex/latex/geometry\geometry.sty"
Package: geometry 2020/01/02 v5.9 Page Geometry
 ("C:\Users\teanm\AppData\Local\Programs\MiKTeX 2.9\tex/latex/graphics\keyval.sty"
Package: keyval 2014/10/28 v1.15 key=value parser (DPC)
\KV@toks@=\toks15
) ("C:\Users\teanm\AppData\Local\Programs\MiKTeX 2.9\tex/generic/iftex\ifvtex.sty"
Package: ifvtex 2019/10/25 v1.7 ifvtex legacy package. Use iftex instead.
 ("C:\Users\teanm\AppData\Local\Programs\MiKTeX 2.9\tex/generic/iftex\iftex.sty"
Package: iftex 2020/03/06 v1.0d TeX engine tests
))
\Gm@cnth=\count175
\Gm@cntv=\count176
\c@Gm@tempcnt=\count177
\Gm@bindingoffset=\dimen135
\Gm@wd@mp=\dimen136
\Gm@odd@mp=\dimen137
\Gm@even@mp=\dimen138
\Gm@layoutwidth=\dimen139
\Gm@layoutheight=\dimen140
\Gm@layouthoffset=\dimen141
\Gm@layoutvoffset=\dimen142
\Gm@dimlist=\toks16
 ("C:\Users\teanm\AppData\Local\Programs\MiKTeX 2.9\tex/latex/geometry\geometry.cfg")) ("C:\Users\teanm\AppData\Local\Programs\MiKTeX 2.9\tex/latex/graphics\graphicx.sty"
Package: graphicx 2019/11/30 v1.2a Enhanced LaTeX Graphics (DPC,SPQR)
 ("C:\Users\teanm\AppData\Local\Programs\MiKTeX 2.9\tex/latex/graphics\graphics.sty"
Package: graphics 2019/11/30 v1.4a Standard LaTeX Graphics (DPC,SPQR)
 ("C:\Users\teanm\AppData\Local\Programs\MiKTeX 2.9\tex/latex/graphics\trig.sty"
Package: trig 2016/01/03 v1.10 sin cos tan (DPC)
) ("C:\Users\teanm\AppData\Local\Programs\MiKTeX 2.9\tex/latex/graphics-cfg\graphics.cfg"
File: graphics.cfg 2016/06/04 v1.11 sample graphics configuration
)
Package graphics Info: Driver file: pdftex.def on input line 105.
 ("C:\Users\teanm\AppData\Local\Programs\MiKTeX 2.9\tex/latex/graphics-def\pdftex.def"
File: pdftex.def 2018/01/08 v1.0l Graphics/color driver for pdftex
))
\Gin@req@height=\dimen143
\Gin@req@width=\dimen144
) ("C:\Users\teanm\AppData\Local\Programs\MiKTeX 2.9\tex/latex/float\float.sty"
Package: float 2001/11/08 v1.3d Float enhancements (AL)
\c@float@type=\count178
\float@exts=\toks17
\float@box=\box45
\@float@everytoks=\toks18
\@floatcapt=\box46
) ("C:\Users\teanm\AppData\Local\Programs\MiKTeX 2.9\tex/latex/adjustbox\adjustbox.sty"
Package: adjustbox 2019/01/04 v1.2 Adjusting TeX boxes (trim, clip, ...)
 ("C:\Users\teanm\AppData\Local\Programs\MiKTeX 2.9\tex/latex/xkeyval\xkeyval.sty"
Package: xkeyval 2014/12/03 v2.7a package option processing (HA)
 ("C:\Users\teanm\AppData\Local\Programs\MiKTeX 2.9\tex/generic/xkeyval\xkeyval.tex" ("C:\Users\teanm\AppData\Local\Programs\MiKTeX 2.9\tex/generic/xkeyval\xkvutils.tex"
\XKV@toks=\toks19
\XKV@tempa@toks=\toks20
)
\XKV@depth=\count179
File: xkeyval.tex 2014/12/03 v2.7a key=value parser (HA)
)) ("C:\Users\teanm\AppData\Local\Programs\MiKTeX 2.9\tex/latex/adjustbox\adjcalc.sty"
Package: adjcalc 2012/05/16 v1.1 Provides advanced setlength with multiple back-ends (calc, etex, pgfmath)
) ("C:\Users\teanm\AppData\Local\Programs\MiKTeX 2.9\tex/latex/adjustbox\trimclip.sty"
Package: trimclip 2018/04/08 v1.1 Trim and clip general TeX material
 ("C:\Users\teanm\AppData\Local\Programs\MiKTeX 2.9\tex/latex/collectbox\collectbox.sty"
Package: collectbox 2012/05/17 v0.4b Collect macro arguments as boxes
\collectedbox=\box47
)
\tc@llx=\dimen145
\tc@lly=\dimen146
\tc@urx=\dimen147
\tc@ury=\dimen148
Package trimclip Info: Using driver 'tc-pdftex.def'.
 ("C:\Users\teanm\AppData\Local\Programs\MiKTeX 2.9\tex/latex/adjustbox\tc-pdftex.def"
File: tc-pdftex.def 2019/01/04 v2.2 Clipping driver for pdftex
))
\adjbox@Width=\dimen149
\adjbox@Height=\dimen150
\adjbox@Depth=\dimen151
\adjbox@Totalheight=\dimen152
\adjbox@pwidth=\dimen153
\adjbox@pheight=\dimen154
\adjbox@pdepth=\dimen155
\adjbox@ptotalheight=\dimen156
 ("C:\Users\teanm\AppData\Local\Programs\MiKTeX 2.9\tex/latex/ifoddpage\ifoddpage.sty"
Package: ifoddpage 2016/04/23 v1.1 Conditionals for odd/even page detection
\c@checkoddpage=\count180
) ("C:\Users\teanm\AppData\Local\Programs\MiKTeX 2.9\tex/latex/varwidth\varwidth.sty"
Package: varwidth 2009/03/30 ver 0.92;  Variable-width minipages
\@vwid@box=\box48
\sift@deathcycles=\count181
\@vwid@loff=\dimen157
\@vwid@roff=\dimen158
)) ("C:\Users\teanm\AppData\Local\Programs\MiKTeX 2.9\tex/latex/caption\caption.sty"
Package: caption 2020/01/03 v3.4h Customizing captions (AR)
 ("C:\Users\teanm\AppData\Local\Programs\MiKTeX 2.9\tex/latex/caption\caption3.sty"
Package: caption3 2020/01/03 v1.8h caption3 kernel (AR)
Package caption3 Info: TeX engine: e-TeX on input line 61.
\captionmargin=\dimen159
\captionmargin@=\dimen160
\captionwidth=\dimen161
\caption@tempdima=\dimen162
\caption@indent=\dimen163
\caption@parindent=\dimen164
\caption@hangindent=\dimen165
Package caption Info: Standard document class detected.
)
\c@caption@flags=\count182
\c@continuedfloat=\count183
Package caption Info: float package is loaded.
) ("C:\Users\teanm\AppData\Local\Programs\MiKTeX 2.9\tex/latex/base\inputenc.sty"
Package: inputenc 2018/08/11 v1.3c Input encoding file
\inpenc@prehook=\toks21
\inpenc@posthook=\toks22
) ("C:\Users\teanm\AppData\Local\Programs\MiKTeX 2.9\tex/generic/babel\babel.sty"
Package: babel 2020/02/28 3.41 The Babel package
 ("C:\Users\teanm\AppData\Local\Programs\MiKTeX 2.9\tex/generic/babel\switch.def"
File: switch.def 2020/02/28 3.41 Babel switching mechanism
)
*************************************
* Local config file bblopts.cfg used
*
("C:\Users\teanm\AppData\Local\Programs\MiKTeX 2.9\tex/latex/arabi\bblopts.cfg"
File: bblopts.cfg 2005/09/08 v0.1 add Arabic and Farsi to "declared" options of babel
) ("C:\Users\teanm\AppData\Local\Programs\MiKTeX 2.9\tex/latex/babel-english\english.ldf"
Language: english 2017/06/06 v3.3r English support from the babel system
 ("C:\Users\teanm\AppData\Local\Programs\MiKTeX 2.9\tex/generic/babel\babel.def"
File: babel.def 2020/02/28 3.41 Babel common definitions
\babel@savecnt=\count184
\U@D=\dimen166
 ("C:\Users\teanm\AppData\Local\Programs\MiKTeX 2.9\tex/generic/babel\txtbabel.def")
\bbl@readstream=\read2
\bbl@dirlevel=\count185
)
Package babel Info: \l@canadian = using hyphenrules for english
(babel)             (\language0) on input line 102.
Package babel Info: \l@australian = using hyphenrules for ukenglish
(babel)             (\language72) on input line 105.
Package babel Info: \l@newzealand = using hyphenrules for ukenglish
(babel)             (\language72) on input line 108.
)) ("C:\Users\teanm\AppData\Local\Programs\MiKTeX 2.9\tex/latex/enumitem\enumitem.sty"
Package: enumitem 2019/06/20 v3.9 Customized lists
\labelindent=\skip49
\enit@outerparindent=\dimen167
\enit@toks=\toks23
\enit@inbox=\box49
\enit@count@id=\count186
\enitdp@description=\count187
) ("C:\Users\teanm\AppData\Local\Programs\MiKTeX 2.9\tex/latex/xcolor\xcolor.sty"
Package: xcolor 2016/05/11 v2.12 LaTeX color extensions (UK)
 ("C:\Users\teanm\AppData\Local\Programs\MiKTeX 2.9\tex/latex/graphics-cfg\color.cfg"
File: color.cfg 2016/01/02 v1.6 sample color configuration
)
Package xcolor Info: Driver file: pdftex.def on input line 225.
Package xcolor Info: Model `cmy' substituted by `cmy0' on input line 1348.
Package xcolor Info: Model `hsb' substituted by `rgb' on input line 1352.
Package xcolor Info: Model `RGB' extended on input line 1364.
Package xcolor Info: Model `HTML' substituted by `rgb' on input line 1366.
Package xcolor Info: Model `Hsb' substituted by `hsb' on input line 1367.
Package xcolor Info: Model `tHsb' substituted by `hsb' on input line 1368.
Package xcolor Info: Model `HSB' substituted by `hsb' on input line 1369.
Package xcolor Info: Model `Gray' substituted by `gray' on input line 1370.
Package xcolor Info: Model `wave' substituted by `hsb' on input line 1371.
) ("C:\Users\teanm\AppData\Local\Programs\MiKTeX 2.9\tex/latex/hyperref\hyperref.sty"
Package: hyperref 2020/01/14 v7.00d Hypertext links for LaTeX
 ("C:\Users\teanm\AppData\Local\Programs\MiKTeX 2.9\tex/generic/ltxcmds\ltxcmds.sty"
Package: ltxcmds 2019/12/15 v1.24 LaTeX kernel commands for general use (HO)
) ("C:\Users\teanm\AppData\Local\Programs\MiKTeX 2.9\tex/latex/pdftexcmds\pdftexcmds.sty"
Package: pdftexcmds 2019/11/24 v0.31 Utility functions of pdfTeX for LuaTeX (HO)
 ("C:\Users\teanm\AppData\Local\Programs\MiKTeX 2.9\tex/generic/infwarerr\infwarerr.sty"
Package: infwarerr 2019/12/03 v1.5 Providing info/warning/error messages (HO)
)
Package pdftexcmds Info: \pdf@primitive is available.
Package pdftexcmds Info: \pdf@ifprimitive is available.
Package pdftexcmds Info: \pdfdraftmode found.
) ("C:\Users\teanm\AppData\Local\Programs\MiKTeX 2.9\tex/generic/kvsetkeys\kvsetkeys.sty"
Package: kvsetkeys 2019/12/15 v1.18 Key value parser (HO)
) ("C:\Users\teanm\AppData\Local\Programs\MiKTeX 2.9\tex/generic/kvdefinekeys\kvdefinekeys.sty"
Package: kvdefinekeys 2019-12-19 v1.6 Define keys (HO)
) ("C:\Users\teanm\AppData\Local\Programs\MiKTeX 2.9\tex/generic/pdfescape\pdfescape.sty"
Package: pdfescape 2019/12/09 v1.15 Implements pdfTeX's escape features (HO)
) ("C:\Users\teanm\AppData\Local\Programs\MiKTeX 2.9\tex/latex/hycolor\hycolor.sty"
Package: hycolor 2020-01-27 v1.10 Color options for hyperref/bookmark (HO)
) ("C:\Users\teanm\AppData\Local\Programs\MiKTeX 2.9\tex/latex/letltxmacro\letltxmacro.sty"
Package: letltxmacro 2019/12/03 v1.6 Let assignment for LaTeX macros (HO)
) ("C:\Users\teanm\AppData\Local\Programs\MiKTeX 2.9\tex/latex/auxhook\auxhook.sty"
Package: auxhook 2019-12-17 v1.6 Hooks for auxiliary files (HO)
) ("C:\Users\teanm\AppData\Local\Programs\MiKTeX 2.9\tex/latex/kvoptions\kvoptions.sty"
Package: kvoptions 2019/11/29 v3.13 Key value format for package options (HO)
)
\@linkdim=\dimen168
\Hy@linkcounter=\count188
\Hy@pagecounter=\count189
 ("C:\Users\teanm\AppData\Local\Programs\MiKTeX 2.9\tex/latex/hyperref\pd1enc.def"
File: pd1enc.def 2020/01/14 v7.00d Hyperref: PDFDocEncoding definition (HO)
Now handling font encoding PD1 ...
... no UTF-8 mapping file for font encoding PD1
) ("C:\Users\teanm\AppData\Local\Programs\MiKTeX 2.9\tex/generic/intcalc\intcalc.sty"
Package: intcalc 2019/12/15 v1.3 Expandable calculations with integers (HO)
) ("C:\Users\teanm\AppData\Local\Programs\MiKTeX 2.9\tex/generic/etexcmds\etexcmds.sty"
Package: etexcmds 2019/12/15 v1.7 Avoid name clashes with e-TeX commands (HO)
)
\Hy@SavedSpaceFactor=\count190
Package hyperref Info: Hyper figures OFF on input line 4547.
Package hyperref Info: Link nesting OFF on input line 4552.
Package hyperref Info: Hyper index ON on input line 4555.
Package hyperref Info: Plain pages OFF on input line 4562.
Package hyperref Info: Backreferencing OFF on input line 4567.
Package hyperref Info: Implicit mode ON; LaTeX internals redefined.
Package hyperref Info: Bookmarks ON on input line 4800.
\c@Hy@tempcnt=\count191
 ("C:\Users\teanm\AppData\Local\Programs\MiKTeX 2.9\tex/latex/url\url.sty"
\Urlmuskip=\muskip16
Package: url 2013/09/16  ver 3.4  Verb mode for urls, etc.
)
LaTeX Info: Redefining \url on input line 5159.
\XeTeXLinkMargin=\dimen169
 ("C:\Users\teanm\AppData\Local\Programs\MiKTeX 2.9\tex/generic/bitset\bitset.sty"
Package: bitset 2019/12/09 v1.3 Handle bit-vector datatype (HO)
 ("C:\Users\teanm\AppData\Local\Programs\MiKTeX 2.9\tex/generic/bigintcalc\bigintcalc.sty"
Package: bigintcalc 2019/12/15 v1.5 Expandable calculations on big integers (HO)
))
\Fld@menulength=\count192
\Field@Width=\dimen170
\Fld@charsize=\dimen171
Package hyperref Info: Hyper figures OFF on input line 6430.
Package hyperref Info: Link nesting OFF on input line 6435.
Package hyperref Info: Hyper index ON on input line 6438.
Package hyperref Info: backreferencing OFF on input line 6445.
Package hyperref Info: Link coloring OFF on input line 6450.
Package hyperref Info: Link coloring with OCG OFF on input line 6455.
Package hyperref Info: PDF/A mode OFF on input line 6460.
LaTeX Info: Redefining \ref on input line 6500.
LaTeX Info: Redefining \pageref on input line 6504.
 ("C:\Users\teanm\AppData\Local\Programs\MiKTeX 2.9\tex/generic/atbegshi\atbegshi.sty"
Package: atbegshi 2019/12/05 v1.19 At begin shipout hook (HO)
)
\Hy@abspage=\count193
\c@Item=\count194
\c@Hfootnote=\count195
)
Package hyperref Info: Driver (autodetected): hpdftex.
 ("C:\Users\teanm\AppData\Local\Programs\MiKTeX 2.9\tex/latex/hyperref\hpdftex.def"
File: hpdftex.def 2020/01/14 v7.00d Hyperref driver for pdfTeX
 ("C:\Users\teanm\AppData\Local\Programs\MiKTeX 2.9\tex/latex/atveryend\atveryend.sty"
Package: atveryend 2019-12-11 v1.11 Hooks at the very end of document (HO)
Package atveryend Info: \enddocument detected (standard20110627).
)
\Fld@listcount=\count196
\c@bookmark@seq@number=\count197
 ("C:\Users\teanm\AppData\Local\Programs\MiKTeX 2.9\tex/latex/rerunfilecheck\rerunfilecheck.sty"
Package: rerunfilecheck 2019/12/05 v1.9 Rerun checks for auxiliary files (HO)
 ("C:\Users\teanm\AppData\Local\Programs\MiKTeX 2.9\tex/generic/uniquecounter\uniquecounter.sty"
Package: uniquecounter 2019/12/15 v1.4 Provide unlimited unique counter (HO)
)
Package uniquecounter Info: New unique counter `rerunfilecheck' on input line 286.
)
\Hy@SectionHShift=\skip50
)
Package hyperref Info: Option `colorlinks' set `true' on input line 44.
 ("C:\Users\teanm\AppData\Local\Programs\MiKTeX 2.9\tex/latex/appendix\appendix.sty"
Package: appendix 2020/02/08 v1.2c extra appendix facilities
\c@@pps=\count198
\c@@ppsavesec=\count199
\c@@ppsaveapp=\count266
) ("C:\Users\teanm\AppData\Local\Programs\MiKTeX 2.9\tex/latex/standalone\standalone.sty"
Package: standalone 2018/03/26 v1.3a Package to include TeX sub-files with preambles
 ("C:\Users\teanm\AppData\Local\Programs\MiKTeX 2.9\tex/latex/tools\shellesc.sty"
Package: shellesc 2019/11/08 v1.0c unified shell escape interface for LaTeX
Package shellesc Info: Restricted shell escape enabled on input line 77.
) ("C:\Users\teanm\AppData\Local\Programs\MiKTeX 2.9\tex/latex/currfile\currfile.sty"
Package: currfile 2015/04/23 v0.7c Provides the file path elements of the current input file
 ("C:\Users\teanm\AppData\Local\Programs\MiKTeX 2.9\tex/latex/filehook\filehook.sty"
Package: filehook 2020/02/03 v0.7 Hooks for input files
)
\c@currfiledepth=\count267
) ("C:\Users\teanm\AppData\Local\Programs\MiKTeX 2.9\tex/latex/gincltex\gincltex.sty" ("C:\Users\teanm\AppData\Local\Programs\MiKTeX 2.9\tex/latex/svn-prov\svn-prov.sty"
Package: svn-prov 2010/04/24 v3.1862 Package Date/Version from SVN Keywords
)
Package: gincltex 2011/09/04 v0.3 Include external LaTeX files like graphics
\gincltex@box=\box50
) ("C:\Users\teanm\AppData\Local\Programs\MiKTeX 2.9\tex/latex/filemod\filemod-expmin.sty"
Package: filemod-expmin 2011/09/19 v1.2 Get and compare file modification times (expandable; minimal)
)) ("C:\Users\teanm\AppData\Local\Programs\MiKTeX 2.9\tex/latex/pdfpages\pdfpages.sty"
Package: pdfpages 2020/01/28 v0.5q Insert pages of external PDF documents (AM)
 ("C:\Users\teanm\AppData\Local\Programs\MiKTeX 2.9\tex/latex/base\ifthen.sty"
Package: ifthen 2014/09/29 v1.1c Standard LaTeX ifthen package (DPC)
) ("C:\Users\teanm\AppData\Local\Programs\MiKTeX 2.9\tex/latex/tools\calc.sty"
Package: calc 2017/05/25 v4.3 Infix arithmetic (KKT,FJ)
\calc@Acount=\count268
\calc@Bcount=\count269
\calc@Adimen=\dimen172
\calc@Bdimen=\dimen173
\calc@Askip=\skip51
\calc@Bskip=\skip52
LaTeX Info: Redefining \setlength on input line 80.
LaTeX Info: Redefining \addtolength on input line 81.
\calc@Ccount=\count270
\calc@Cskip=\skip53
) ("C:\Users\teanm\AppData\Local\Programs\MiKTeX 2.9\tex/latex/eso-pic\eso-pic.sty"
Package: eso-pic 2018/04/12 v2.0h eso-pic (RN)
)
\AM@pagewidth=\dimen174
\AM@pageheight=\dimen175
 ("C:\Users\teanm\AppData\Local\Programs\MiKTeX 2.9\tex/latex/pdfpages\pppdftex.def"
File: pppdftex.def 2020/01/28 v0.5q Pdfpages driver for pdfTeX (AM)
)
\AM@pagebox=\box51
\AM@global@opts=\toks24
\AM@pagecnt=\count271
\AM@toc@title=\toks25
\c@AM@survey=\count272
\AM@templatesizebox=\box52
) ("C:\Users\teanm\AppData\Local\Programs\MiKTeX 2.9\tex/latex/mdframed\mdframed.sty"
Package: mdframed 2013/07/01 1.9b: mdframed
 ("C:\Users\teanm\AppData\Local\Programs\MiKTeX 2.9\tex/latex/l3packages/xparse\xparse.sty" ("C:\Users\teanm\AppData\Local\Programs\MiKTeX 2.9\tex/latex/l3kernel\expl3.sty"
Package: expl3 2020-03-06 L3 programming layer (loader) 
 ("C:\Users\teanm\AppData\Local\Programs\MiKTeX 2.9\tex/latex/l3backend\l3backend-pdfmode.def"
File: l3backend-pdfmode.def 2020-03-12 L3 backend support: PDF mode
\l__kernel_color_stack_int=\count273
\l__pdf_internal_box=\box53
))
Package: xparse 2020-03-06 L3 Experimental document command parser
\l__xparse_current_arg_int=\count274
\g__xparse_grabber_int=\count275
\l__xparse_m_args_int=\count276
\l__xparse_v_nesting_int=\count277
) ("C:\Users\teanm\AppData\Local\Programs\MiKTeX 2.9\tex/latex/etoolbox\etoolbox.sty"
Package: etoolbox 2019/09/21 v2.5h e-TeX tools for LaTeX (JAW)
\etb@tempcnta=\count278
) ("C:\Users\teanm\AppData\Local\Programs\MiKTeX 2.9\tex/latex/zref\zref-abspage.sty"
Package: zref-abspage 2020-03-03 v2.29 Module abspage for zref (HO)
 ("C:\Users\teanm\AppData\Local\Programs\MiKTeX 2.9\tex/latex/zref\zref-base.sty"
Package: zref-base 2020-03-03 v2.29 Module base for zref (HO)
Package zref Info: New property list: main on input line 763.
Package zref Info: New property: default on input line 764.
Package zref Info: New property: page on input line 765.
)
\c@abspage=\count279
Package zref Info: New property: abspage on input line 66.
) ("C:\Users\teanm\AppData\Local\Programs\MiKTeX 2.9\tex/latex/needspace\needspace.sty"
Package: needspace 2010/09/12 v1.3d reserve vertical space
)
\mdf@templength=\skip54
\c@mdf@globalstyle@cnt=\count280
\mdf@skipabove@length=\skip55
\mdf@skipbelow@length=\skip56
\mdf@leftmargin@length=\skip57
\mdf@rightmargin@length=\skip58
\mdf@innerleftmargin@length=\skip59
\mdf@innerrightmargin@length=\skip60
\mdf@innertopmargin@length=\skip61
\mdf@innerbottommargin@length=\skip62
\mdf@splittopskip@length=\skip63
\mdf@splitbottomskip@length=\skip64
\mdf@outermargin@length=\skip65
\mdf@innermargin@length=\skip66
\mdf@linewidth@length=\skip67
\mdf@innerlinewidth@length=\skip68
\mdf@middlelinewidth@length=\skip69
\mdf@outerlinewidth@length=\skip70
\mdf@roundcorner@length=\skip71
\mdf@footenotedistance@length=\skip72
\mdf@userdefinedwidth@length=\skip73
\mdf@needspace@length=\skip74
\mdf@frametitleaboveskip@length=\skip75
\mdf@frametitlebelowskip@length=\skip76
\mdf@frametitlerulewidth@length=\skip77
\mdf@frametitleleftmargin@length=\skip78
\mdf@frametitlerightmargin@length=\skip79
\mdf@shadowsize@length=\skip80
\mdf@extratopheight@length=\skip81
\mdf@subtitleabovelinewidth@length=\skip82
\mdf@subtitlebelowlinewidth@length=\skip83
\mdf@subtitleaboveskip@length=\skip84
\mdf@subtitlebelowskip@length=\skip85
\mdf@subtitleinneraboveskip@length=\skip86
\mdf@subtitleinnerbelowskip@length=\skip87
\mdf@subsubtitleabovelinewidth@length=\skip88
\mdf@subsubtitlebelowlinewidth@length=\skip89
\mdf@subsubtitleaboveskip@length=\skip90
\mdf@subsubtitlebelowskip@length=\skip91
\mdf@subsubtitleinneraboveskip@length=\skip92
\mdf@subsubtitleinnerbelowskip@length=\skip93
 ("C:\Users\teanm\AppData\Local\Programs\MiKTeX 2.9\tex/latex/mdframed\md-frame-0.mdf"
File: md-frame-0.mdf 2013/07/01\ 1.9b: md-frame-0
)
\mdf@frametitlebox=\box54
\mdf@footnotebox=\box55
\mdf@splitbox@one=\box56
\mdf@splitbox@two=\box57
\mdf@splitbox@save=\box58
\mdfsplitboxwidth=\skip94
\mdfsplitboxtotalwidth=\skip95
\mdfsplitboxheight=\skip96
\mdfsplitboxdepth=\skip97
\mdfsplitboxtotalheight=\skip98
\mdfframetitleboxwidth=\skip99
\mdfframetitleboxtotalwidth=\skip100
\mdfframetitleboxheight=\skip101
\mdfframetitleboxdepth=\skip102
\mdfframetitleboxtotalheight=\skip103
\mdffootnoteboxwidth=\skip104
\mdffootnoteboxtotalwidth=\skip105
\mdffootnoteboxheight=\skip106
\mdffootnoteboxdepth=\skip107
\mdffootnoteboxtotalheight=\skip108
\mdftotallinewidth=\skip109
\mdfboundingboxwidth=\skip110
\mdfboundingboxtotalwidth=\skip111
\mdfboundingboxheight=\skip112
\mdfboundingboxdepth=\skip113
\mdfboundingboxtotalheight=\skip114
\mdf@freevspace@length=\skip115
\mdf@horizontalwidthofbox@length=\skip116
\mdf@verticalmarginwhole@length=\skip117
\mdf@horizontalspaceofbox=\skip118
\mdfsubtitleheight=\skip119
\mdfsubsubtitleheight=\skip120
\c@mdfcountframes=\count281

****** mdframed patching \endmdf@trivlist

****** -- success******

\mdf@envdepth=\count282
\c@mdf@env@i=\count283
\c@mdf@env@ii=\count284
\c@mdf@zref@counter=\count285
Package zref Info: New property: mdf@pagevalue on input line 895.
) ("C:\Users\teanm\AppData\Local\Programs\MiKTeX 2.9\tex/latex/listings\listings.sty"
\lst@mode=\count286
\lst@gtempboxa=\box59
\lst@token=\toks26
\lst@length=\count287
\lst@currlwidth=\dimen176
\lst@column=\count288
\lst@pos=\count289
\lst@lostspace=\dimen177
\lst@width=\dimen178
\lst@newlines=\count290
\lst@lineno=\count291
\lst@maxwidth=\dimen179
 ("C:\Users\teanm\AppData\Local\Programs\MiKTeX 2.9\tex/latex/listings\lstmisc.sty"
File: lstmisc.sty 2019/09/10 1.8c (Carsten Heinz)
\c@lstnumber=\count292
\lst@skipnumbers=\count293
\lst@framebox=\box60
) ("C:\Users\teanm\AppData\Local\Programs\MiKTeX 2.9\tex/latex/listings\listings.cfg"
File: listings.cfg 2019/09/10 1.8c listings configuration
))
Package: listings 2019/09/10 1.8c (Carsten Heinz)
 ("C:\Users\teanm\AppData\Local\Programs\MiKTeX 2.9\tex/latex/listings\lstlang1.sty"
File: lstlang1.sty 2019/09/10 1.8c listings language file
) ("C:\Users\teanm\AppData\Local\Programs\MiKTeX 2.9\tex/latex/tools\multicol.sty"
Package: multicol 2019/12/09 v1.8y multicolumn formatting (FMi)
\c@tracingmulticols=\count294
\mult@box=\box61
\multicol@leftmargin=\dimen180
\c@unbalance=\count295
\c@collectmore=\count296
\doublecol@number=\count297
\multicoltolerance=\count298
\multicolpretolerance=\count299
\full@width=\dimen181
\page@free=\dimen182
\premulticols=\dimen183
\postmulticols=\dimen184
\multicolsep=\skip121
\multicolbaselineskip=\skip122
\partial@page=\box62
\last@line=\box63
\maxbalancingoverflow=\dimen185
\mult@rightbox=\box64
\mult@grightbox=\box65
\mult@gfirstbox=\box66
\mult@firstbox=\box67
\@tempa=\box68
\@tempa=\box69
\@tempa=\box70
\@tempa=\box71
\@tempa=\box72
\@tempa=\box73
\@tempa=\box74
\@tempa=\box75
\@tempa=\box76
\@tempa=\box77
\@tempa=\box78
\@tempa=\box79
\@tempa=\box80
\@tempa=\box81
\@tempa=\box82
\@tempa=\box83
\@tempa=\box84
\@tempa=\box85
\@tempa=\box86
\@tempa=\box87
\@tempa=\box88
\@tempa=\box89
\@tempa=\box90
\@tempa=\box91
\@tempa=\box92
\@tempa=\box93
\@tempa=\box94
\@tempa=\box95
\@tempa=\box96
\@tempa=\box97
\@tempa=\box98
\@tempa=\box99
\@tempa=\box100
\@tempa=\box101
\@tempa=\box102
\@tempa=\box103
\@tempa=\box104
\c@minrows=\count300
\c@columnbadness=\count301
\c@finalcolumnbadness=\count302
\last@try=\dimen186
\multicolovershoot=\dimen187
\multicolundershoot=\dimen188
\mult@nat@firstbox=\box105
\colbreak@box=\box106
\mc@col@check@num=\count303
) ("C:\Users\teanm\AppData\Local\Programs\MiKTeX 2.9\tex/latex/amsfonts\amssymb.sty"
Package: amssymb 2013/01/14 v3.01 AMS font symbols
 ("C:\Users\teanm\AppData\Local\Programs\MiKTeX 2.9\tex/latex/amsfonts\amsfonts.sty"
Package: amsfonts 2013/01/14 v3.01 Basic AMSFonts support
\@emptytoks=\toks27
\symAMSa=\mathgroup4
\symAMSb=\mathgroup5
LaTeX Font Info:    Redeclaring math symbol \hbar on input line 98.
LaTeX Font Info:    Overwriting math alphabet `\mathfrak' in version `bold'
(Font)                  U/euf/m/n --> U/euf/b/n on input line 106.
)) (f:/TEAN\Portfolio\olympics-graphics\report\report.aux)
\openout1 = `report.aux'.

LaTeX Font Info:    Checking defaults for OML/cmm/m/it on input line 74.
LaTeX Font Info:    ... okay on input line 74.
LaTeX Font Info:    Checking defaults for OMS/cmsy/m/n on input line 74.
LaTeX Font Info:    ... okay on input line 74.
LaTeX Font Info:    Checking defaults for OT1/cmr/m/n on input line 74.
LaTeX Font Info:    ... okay on input line 74.
LaTeX Font Info:    Checking defaults for T1/cmr/m/n on input line 74.
LaTeX Font Info:    ... okay on input line 74.
LaTeX Font Info:    Checking defaults for TS1/cmr/m/n on input line 74.
LaTeX Font Info:    ... okay on input line 74.
LaTeX Font Info:    Checking defaults for OMX/cmex/m/n on input line 74.
LaTeX Font Info:    ... okay on input line 74.
LaTeX Font Info:    Checking defaults for U/cmr/m/n on input line 74.
LaTeX Font Info:    ... okay on input line 74.
LaTeX Font Info:    Checking defaults for PD1/pdf/m/n on input line 74.
LaTeX Font Info:    ... okay on input line 74.

*geometry* driver: auto-detecting
*geometry* detected driver: pdftex
*geometry* verbose mode - [ preamble ] result:
* driver: pdftex
* paper: a4paper
* layout: <same size as paper>
* layoutoffset:(h,v)=(0.0pt,0.0pt)
* modes: 
* h-part:(L,W,R)=(56.9055pt, 483.69687pt, 56.9055pt)
* v-part:(T,H,B)=(56.9055pt, 731.23584pt, 56.9055pt)
* \paperwidth=597.50787pt
* \paperheight=845.04684pt
* \textwidth=483.69687pt
* \textheight=731.23584pt
* \oddsidemargin=-15.36449pt
* \evensidemargin=-15.36449pt
* \topmargin=-52.36449pt
* \headheight=12.0pt
* \headsep=25.0pt
* \topskip=12.0pt
* \footskip=30.0pt
* \marginparwidth=35.0pt
* \marginparsep=10.0pt
* \columnsep=10.0pt
* \skip\footins=10.8pt plus 4.0pt minus 2.0pt
* \hoffset=0.0pt
* \voffset=0.0pt
* \mag=1000
* \@twocolumnfalse
* \@twosidefalse
* \@mparswitchfalse
* \@reversemarginfalse
* (1in=72.27pt=25.4mm, 1cm=28.453pt)

("C:\Users\teanm\AppData\Local\Programs\MiKTeX 2.9\tex/context/base/mkii\supp-pdf.mkii"
[Loading MPS to PDF converter (version 2006.09.02).]
\scratchcounter=\count304
\scratchdimen=\dimen189
\scratchbox=\box107
\nofMPsegments=\count305
\nofMParguments=\count306
\everyMPshowfont=\toks28
\MPscratchCnt=\count307
\MPscratchDim=\dimen190
\MPnumerator=\count308
\makeMPintoPDFobject=\count309
\everyMPtoPDFconversion=\toks29
) ("C:\Users\teanm\AppData\Local\Programs\MiKTeX 2.9\tex/latex/epstopdf-pkg\epstopdf-base.sty"
Package: epstopdf-base 2020-01-24 v2.11 Base part for package epstopdf
Package epstopdf-base Info: Redefining graphics rule for `.eps' on input line 485.
)
Package caption Info: Begin \AtBeginDocument code.
Package caption Info: hyperref package is loaded.
Package caption Info: listings package is loaded.
Package caption Info: End \AtBeginDocument code.
\AtBeginShipoutBox=\box108
Package hyperref Info: Link coloring ON on input line 74.
 ("C:\Users\teanm\AppData\Local\Programs\MiKTeX 2.9\tex/latex/hyperref\nameref.sty"
Package: nameref 2019/09/16 v2.46 Cross-referencing by name of section
 ("C:\Users\teanm\AppData\Local\Programs\MiKTeX 2.9\tex/latex/refcount\refcount.sty"
Package: refcount 2019/12/15 v3.6 Data extraction from label references (HO)
) ("C:\Users\teanm\AppData\Local\Programs\MiKTeX 2.9\tex/generic/gettitlestring\gettitlestring.sty"
Package: gettitlestring 2019/12/15 v1.6 Cleanup title references (HO)
)
\c@section@level=\count310
)
LaTeX Info: Redefining \ref on input line 74.
LaTeX Info: Redefining \pageref on input line 74.
LaTeX Info: Redefining \nameref on input line 74.
 (f:/TEAN\Portfolio\olympics-graphics\report\report.out) (f:/TEAN\Portfolio\olympics-graphics\report\report.out)
\@outlinefile=\write3
\openout3 = `report.out'.

 ("C:\Users\teanm\AppData\Local\Programs\MiKTeX 2.9\tex/latex/pdflscape\pdflscape.sty"
Package: pdflscape 2019/12/05 v0.12 Display of landscape pages in PDF (HO)
 ("C:\Users\teanm\AppData\Local\Programs\MiKTeX 2.9\tex/latex/graphics\lscape.sty"
Package: lscape 2000/10/22 v3.01 Landscape Pages (DPC)
)
Package pdflscape Info: Auto-detected driver: pdftex on input line 81.
)
\c@lstlisting=\count311
LaTeX Font Info:    Trying to load font information for U+msa on input line 78.
 ("C:\Users\teanm\AppData\Local\Programs\MiKTeX 2.9\tex/latex/amsfonts\umsa.fd"
File: umsa.fd 2013/01/14 v3.01 AMS symbols A
)
LaTeX Font Info:    Trying to load font information for U+msb on input line 78.
 ("C:\Users\teanm\AppData\Local\Programs\MiKTeX 2.9\tex/latex/amsfonts\umsb.fd"
File: umsb.fd 2013/01/14 v3.01 AMS symbols B
)
<./images/title.png, id=87, 2446.13875pt x 1631.09375pt>
File: ./images/title.png Graphic file (type png)
<use ./images/title.png>
Package pdftex.def Info: ./images/title.png  used on input line 81.
(pdftex.def)             Requested size: 459.51054pt x 306.40176pt.
 [1

{C:/Users/teanm/AppData/Local/MiKTeX/2.9/pdftex/config/pdftex.map} <./images/title.png>] (f:/TEAN\Portfolio\olympics-graphics\report\report.toc)
\tf@toc=\write4
\openout4 = `report.toc'.

 [2] (f:/TEAN\Portfolio\olympics-graphics\report\report.lof [3])
\tf@lof=\write5
\openout5 = `report.lof'.

 [4] [5]
<./images/mega_racer/1.1.PNG, id=212, 968.11688pt x 565.36218pt>
File: ./images/mega_racer/1.1.PNG Graphic file (type png)
<use ./images/mega_racer/1.1.PNG>
Package pdftex.def Info: ./images/mega_racer/1.1.PNG  used on input line 123.
(pdftex.def)             Requested size: 386.95897pt x 225.97696pt.

Overfull \hbox (32.30838pt too wide) in paragraph at lines 134--136
[][][][][][][][][][][][][][][][][][] 
 []

[6 <./images/mega_racer/1.1.PNG>]
LaTeX Font Info:    Trying to load font information for OML+cmr on input line 141.
 ("C:\Users\teanm\AppData\Local\Programs\MiKTeX 2.9\tex/latex/base\omlcmr.fd"
File: omlcmr.fd 2019/12/16 v2.5j Standard LaTeX font definitions
)
LaTeX Font Info:    Font shape `OML/cmr/m/n' in size <10> not available
(Font)              Font shape `OML/cmm/m/it' tried instead on input line 141.
 [7]
<./images/mega_racer/1.2_1.PNG, id=262, 962.84718pt x 565.36218pt>
File: ./images/mega_racer/1.2_1.PNG Graphic file (type png)
<use ./images/mega_racer/1.2_1.PNG>
Package pdftex.def Info: ./images/mega_racer/1.2_1.PNG  used on input line 190.
(pdftex.def)             Requested size: 237.01411pt x 139.16626pt.
<./images/mega_racer/1.2_2.PNG, id=263, 965.85844pt x 569.12625pt>
File: ./images/mega_racer/1.2_2.PNG Graphic file (type png)
<use ./images/mega_racer/1.2_2.PNG>
Package pdftex.def Info: ./images/mega_racer/1.2_2.PNG  used on input line 192.
(pdftex.def)             Requested size: 237.01411pt x 139.6586pt.
<./images/mega_racer/1.2_b.PNG, id=264, 966.61125pt x 568.37344pt>
File: ./images/mega_racer/1.2_b.PNG Graphic file (type png)
<use ./images/mega_racer/1.2_b.PNG>
Package pdftex.def Info: ./images/mega_racer/1.2_b.PNG  used on input line 211.
(pdftex.def)             Requested size: 386.95897pt x 227.53615pt.
 [8 <./images/mega_racer/1.2_1.PNG> <./images/mega_racer/1.2_2.PNG>] [9 <./images/mega_racer/1.2_b.PNG>]
<./images/mega_racer/1.3_a.PNG, id=308, 523.9575pt x 124.96687pt>
File: ./images/mega_racer/1.3_a.PNG Graphic file (type png)
<use ./images/mega_racer/1.3_a.PNG>
Package pdftex.def Info: ./images/mega_racer/1.3_a.PNG  used on input line 264.
(pdftex.def)             Requested size: 386.95897pt x 92.29478pt.
 [10 <./images/mega_racer/1.3_a.PNG>]
<./images/mega_racer/1.3_b.PNG, id=331, 964.35281pt x 566.86781pt>
File: ./images/mega_racer/1.3_b.PNG Graphic file (type png)
<use ./images/mega_racer/1.3_b.PNG>
Package pdftex.def Info: ./images/mega_racer/1.3_b.PNG  used on input line 290.
(pdftex.def)             Requested size: 386.95897pt x 227.46103pt.
 [11 <./images/mega_racer/1.3_b.PNG>]
LaTeX Font Info:    Trying to load font information for OMS+cmr on input line 341.
 ("C:\Users\teanm\AppData\Local\Programs\MiKTeX 2.9\tex/latex/base\omscmr.fd"
File: omscmr.fd 2019/12/16 v2.5j Standard LaTeX font definitions
)
LaTeX Font Info:    Font shape `OMS/cmr/m/n' in size <10> not available
(Font)              Font shape `OMS/cmsy/m/n' tried instead on input line 341.
 [12] [13]
<./images/mega_racer/1.4.PNG, id=437, 965.10562pt x 567.62062pt>
File: ./images/mega_racer/1.4.PNG Graphic file (type png)
<use ./images/mega_racer/1.4.PNG>
Package pdftex.def Info: ./images/mega_racer/1.4.PNG  used on input line 416.
(pdftex.def)             Requested size: 386.95897pt x 227.5812pt.

Overfull \hbox (8.30814pt too wide) in paragraph at lines 434--435
[][][][][][][][][][][][][][][][] 
 []

[14 <./images/mega_racer/1.4.PNG>]
Overfull \hbox (2.30807pt too wide) in paragraph at lines 476--478
[][][][][][][][][][][][][][][][][] 
 []


Overfull \hbox (14.3082pt too wide) in paragraph at lines 483--484
[][][][][][][][][][][][][][][][][] 
 []

<./images/mega_racer/1.5_a.PNG, id=460, 966.61125pt x 567.62062pt>
File: ./images/mega_racer/1.5_a.PNG Graphic file (type png)
<use ./images/mega_racer/1.5_a.PNG>
Package pdftex.def Info: ./images/mega_racer/1.5_a.PNG  used on input line 491.
(pdftex.def)             Requested size: 386.95897pt x 227.23476pt.
[15]
Overfull \hbox (32.30838pt too wide) in paragraph at lines 508--509
[][][][][][][][][][][][][][][][][][][][] 
 []

<./images/mega_racer/1.5_b.PNG, id=489, 962.84718pt x 564.60938pt>
File: ./images/mega_racer/1.5_b.PNG Graphic file (type png)
<use ./images/mega_racer/1.5_b.PNG>
Package pdftex.def Info: ./images/mega_racer/1.5_b.PNG  used on input line 516.
(pdftex.def)             Requested size: 386.95897pt x 226.90804pt.
[16 <./images/mega_racer/1.5_a.PNG>]
<./images/mega_racer/1.5_c.PNG, id=509, 967.36406pt x 564.60938pt>
File: ./images/mega_racer/1.5_c.PNG Graphic file (type png)
<use ./images/mega_racer/1.5_c.PNG>
Package pdftex.def Info: ./images/mega_racer/1.5_c.PNG  used on input line 541.
(pdftex.def)             Requested size: 386.95897pt x 225.84836pt.
 [17 <./images/mega_racer/1.5_b.PNG> <./images/mega_racer/1.5_c.PNG>]
<./images/mega_racer/1.5_d_1.PNG, id=529, 965.85844pt x 566.86781pt>
File: ./images/mega_racer/1.5_d_1.PNG Graphic file (type png)
<use ./images/mega_racer/1.5_d_1.PNG>
Package pdftex.def Info: ./images/mega_racer/1.5_d_1.PNG  used on input line 571.
(pdftex.def)             Requested size: 237.01411pt x 139.10439pt.
<./images/mega_racer/1.5_d_2.PNG, id=530, 965.10562pt x 562.35094pt>
File: ./images/mega_racer/1.5_d_2.PNG Graphic file (type png)
<use ./images/mega_racer/1.5_d_2.PNG>
Package pdftex.def Info: ./images/mega_racer/1.5_d_2.PNG  used on input line 571.
(pdftex.def)             Requested size: 237.01411pt x 138.09895pt.
 ("C:\Users\teanm\AppData\Local\Programs\MiKTeX 2.9\tex/latex/listings\lstlang1.sty"
File: lstlang1.sty 2019/09/10 1.8c listings language file
) ("C:\Users\teanm\AppData\Local\Programs\MiKTeX 2.9\tex/latex/listings\lstlang1.sty"
File: lstlang1.sty 2019/09/10 1.8c listings language file
) ("C:\Users\teanm\AppData\Local\Programs\MiKTeX 2.9\tex/latex/listings\lstmisc.sty"
File: lstmisc.sty 2019/09/10 1.8c (Carsten Heinz)
)
<./images/mega_racer/1.5_e_1.PNG, id=531, 965.85844pt x 564.60938pt>
File: ./images/mega_racer/1.5_e_1.PNG Graphic file (type png)
<use ./images/mega_racer/1.5_e_1.PNG>
Package pdftex.def Info: ./images/mega_racer/1.5_e_1.PNG  used on input line 602.
(pdftex.def)             Requested size: 237.01411pt x 138.55019pt.
<./images/mega_racer/1.5_e_2.PNG, id=532, 965.85844pt x 566.115pt>
File: ./images/mega_racer/1.5_e_2.PNG Graphic file (type png)
<use ./images/mega_racer/1.5_e_2.PNG>
Package pdftex.def Info: ./images/mega_racer/1.5_e_2.PNG  used on input line 602.
(pdftex.def)             Requested size: 237.01411pt x 138.91966pt.
 [18 <./images/mega_racer/1.5_d_1.PNG> <./images/mega_racer/1.5_d_2.PNG>] [19 <./images/mega_racer/1.5_e_1.PNG> <./images/mega_racer/1.5_e_2.PNG>]
<./images/mega_racer/2.1_a.PNG, id=583, 967.36406pt x 566.86781pt>
File: ./images/mega_racer/2.1_a.PNG Graphic file (type png)
<use ./images/mega_racer/2.1_a.PNG>
Package pdftex.def Info: ./images/mega_racer/2.1_a.PNG  used on input line 677.
(pdftex.def)             Requested size: 386.95897pt x 226.75175pt.
 [20]
Overfull \hbox (14.3082pt too wide) in paragraph at lines 695--696
[][][][][][][][][][][][][][][][][][][][][] 
 []

[21 <./images/mega_racer/2.1_a.PNG>]
LaTeX Font Info:    Font shape `OMS/cmr/m/it' in size <10> not available
(Font)              Font shape `OMS/cmsy/m/n' tried instead on input line 727.

Overfull \hbox (26.30832pt too wide) in paragraph at lines 730--731
[][][][][][][][] 
 []

LaTeX Font Info:    Font shape `OML/cmr/m/it' in size <10> not available
(Font)              Font shape `OML/cmm/m/it' tried instead on input line 731.
<./images/mega_racer/2.1_b.PNG, id=658, 963.6pt x 563.85657pt>
File: ./images/mega_racer/2.1_b.PNG Graphic file (type png)
<use ./images/mega_racer/2.1_b.PNG>
Package pdftex.def Info: ./images/mega_racer/2.1_b.PNG  used on input line 745.
(pdftex.def)             Requested size: 386.95897pt x 226.42482pt.
[22 <./images/mega_racer/2.1_b.PNG>]
Overfull \hbox (38.30844pt too wide) in paragraph at lines 788--789
[][][][][][][][][][][][][][][][][][][][][][][][][][][][][][][][][][] 
 []

[23]
Overfull \hbox (2.30807pt too wide) in paragraph at lines 823--824
[][][][][][][][][][] 
 []

<./images/mega_racer/2.1_c_1.PNG, id=747, 965.10562pt x 565.36218pt>
File: ./images/mega_racer/2.1_c_1.PNG Graphic file (type png)
<use ./images/mega_racer/2.1_c_1.PNG>
Package pdftex.def Info: ./images/mega_racer/2.1_c_1.PNG  used on input line 833.
(pdftex.def)             Requested size: 386.95897pt x 226.67572pt.
<./images/mega_racer/2.1_c_2.PNG, id=748, 963.6pt x 566.115pt>
File: ./images/mega_racer/2.1_c_2.PNG Graphic file (type png)
<use ./images/mega_racer/2.1_c_2.PNG>
Package pdftex.def Info: ./images/mega_racer/2.1_c_2.PNG  used on input line 850.
(pdftex.def)             Requested size: 237.01411pt x 139.23927pt.
<./images/mega_racer/2.1_c_3.PNG, id=749, 965.10562pt x 566.115pt>
File: ./images/mega_racer/2.1_c_3.PNG Graphic file (type png)
<use ./images/mega_racer/2.1_c_3.PNG>
Package pdftex.def Info: ./images/mega_racer/2.1_c_3.PNG  used on input line 850.
(pdftex.def)             Requested size: 237.01411pt x 139.02332pt.
[24 <./images/mega_racer/2.1_c_1.PNG>]
<./images/mega_racer/2.1_c_final.PNG, id=772, 965.10562pt x 566.115pt>
File: ./images/mega_racer/2.1_c_final.PNG Graphic file (type png)
<use ./images/mega_racer/2.1_c_final.PNG>
Package pdftex.def Info: ./images/mega_racer/2.1_c_final.PNG  used on input line 870.
(pdftex.def)             Requested size: 386.95897pt x 226.97755pt.
 [25 <./images/mega_racer/2.1_c_2.PNG> <./images/mega_racer/2.1_c_3.PNG> <./images/mega_racer/2.1_c_final.PNG>]
<./images/mega_racer/2.2_a_1.PNG, id=791, 965.10562pt x 566.115pt>
File: ./images/mega_racer/2.2_a_1.PNG Graphic file (type png)
<use ./images/mega_racer/2.2_a_1.PNG>
Package pdftex.def Info: ./images/mega_racer/2.2_a_1.PNG  used on input line 926.
(pdftex.def)             Requested size: 237.01411pt x 139.02332pt.
<./images/mega_racer/2.2_a_2.PNG, id=792, 965.85844pt x 569.87906pt>
File: ./images/mega_racer/2.2_a_2.PNG Graphic file (type png)
<use ./images/mega_racer/2.2_a_2.PNG>
Package pdftex.def Info: ./images/mega_racer/2.2_a_2.PNG  used on input line 926.
(pdftex.def)             Requested size: 237.01411pt x 139.84332pt.
 [26 <./images/mega_racer/2.2_a_1.PNG> <./images/mega_racer/2.2_a_2.PNG>]
<./images/mega_racer/2.2_b_1.PNG, id=829, 965.10562pt x 567.62062pt>
File: ./images/mega_racer/2.2_b_1.PNG Graphic file (type png)
<use ./images/mega_racer/2.2_b_1.PNG>
Package pdftex.def Info: ./images/mega_racer/2.2_b_1.PNG  used on input line 945.
(pdftex.def)             Requested size: 237.01411pt x 139.39305pt.
<./images/mega_racer/2.2_b_2.PNG, id=830, 963.6pt x 566.115pt>
File: ./images/mega_racer/2.2_b_2.PNG Graphic file (type png)
<use ./images/mega_racer/2.2_b_2.PNG>
Package pdftex.def Info: ./images/mega_racer/2.2_b_2.PNG  used on input line 945.
(pdftex.def)             Requested size: 237.01411pt x 139.23927pt.
<./images/mega_racer/2.2_c_1.PNG, id=831, 965.85844pt x 567.62062pt>
File: ./images/mega_racer/2.2_c_1.PNG Graphic file (type png)
<use ./images/mega_racer/2.2_c_1.PNG>
Package pdftex.def Info: ./images/mega_racer/2.2_c_1.PNG  used on input line 961.
(pdftex.def)             Requested size: 237.01411pt x 139.28912pt.
<./images/mega_racer/2.2_c_2.PNG, id=832, 966.61125pt x 566.115pt>
File: ./images/mega_racer/2.2_c_2.PNG Graphic file (type png)
<use ./images/mega_racer/2.2_c_2.PNG>
Package pdftex.def Info: ./images/mega_racer/2.2_c_2.PNG  used on input line 961.
(pdftex.def)             Requested size: 237.01411pt x 138.80736pt.
 [27 <./images/mega_racer/2.2_b_1.PNG> <./images/mega_racer/2.2_b_2.PNG> <./images/mega_racer/2.2_c_1.PNG> <./images/mega_racer/2.2_c_2.PNG>]
Overfull \hbox (8.30814pt too wide) in paragraph at lines 988--989
[][][][][][][][][][][][][][][][][][][][][][][][][][][][][][][][][][][][][] 
 []

<./images/mega_racer/2.2_d_1.PNG, id=857, 965.10562pt x 566.115pt>
File: ./images/mega_racer/2.2_d_1.PNG Graphic file (type png)
<use ./images/mega_racer/2.2_d_1.PNG>
Package pdftex.def Info: ./images/mega_racer/2.2_d_1.PNG  used on input line 1043.
(pdftex.def)             Requested size: 237.01411pt x 139.02332pt.
<./images/mega_racer/2.2_d_2.PNG, id=858, 968.86969pt x 566.86781pt>
File: ./images/mega_racer/2.2_d_2.PNG Graphic file (type png)
<use ./images/mega_racer/2.2_d_2.PNG>
Package pdftex.def Info: ./images/mega_racer/2.2_d_2.PNG  used on input line 1043.
(pdftex.def)             Requested size: 237.01411pt x 138.6719pt.
[28] [29 <./images/mega_racer/2.2_d_1.PNG> <./images/mega_racer/2.2_d_2.PNG>] [30]
<./images/mega_racer/2.3.PNG, id=977, 968.86969pt x 565.36218pt>
File: ./images/mega_racer/2.3.PNG Graphic file (type png)
<use ./images/mega_racer/2.3.PNG>
Package pdftex.def Info: ./images/mega_racer/2.3.PNG  used on input line 1163.
(pdftex.def)             Requested size: 386.95897pt x 225.80441pt.
 [31 <./images/mega_racer/2.3.PNG>]
<./images/olympics/athlete_blend_base.PNG, id=1012, 897.3525pt x 692.5875pt>
File: ./images/olympics/athlete_blend_base.PNG Graphic file (type png)
<use ./images/olympics/athlete_blend_base.PNG>
Package pdftex.def Info: ./images/olympics/athlete_blend_base.PNG  used on input line 1203.
(pdftex.def)             Requested size: 237.01411pt x 182.92186pt.
<./images/olympics/athlete_blend_metarig.PNG, id=1013, 856.70062pt x 651.18282pt>
File: ./images/olympics/athlete_blend_metarig.PNG Graphic file (type png)
<use ./images/olympics/athlete_blend_metarig.PNG>
Package pdftex.def Info: ./images/olympics/athlete_blend_metarig.PNG  used on input line 1203.
(pdftex.def)             Requested size: 237.01411pt x 180.1539pt.
 [32]
<./images/olympics/athlete_blend_rig2.PNG, id=1029, 897.3525pt x 687.31781pt>
File: ./images/olympics/athlete_blend_rig2.PNG Graphic file (type png)
<use ./images/olympics/athlete_blend_rig2.PNG>
Package pdftex.def Info: ./images/olympics/athlete_blend_rig2.PNG  used on input line 1216.
(pdftex.def)             Requested size: 237.01411pt x 181.53006pt.
<./images/olympics/athlete_blend_pose.PNG, id=1030, 856.70062pt x 651.18282pt>
File: ./images/olympics/athlete_blend_pose.PNG Graphic file (type png)
<use ./images/olympics/athlete_blend_pose.PNG>
Package pdftex.def Info: ./images/olympics/athlete_blend_pose.PNG  used on input line 1216.
(pdftex.def)             Requested size: 237.01411pt x 180.1539pt.
<./images/olympics/athlete_textures.PNG, id=1031, 162.6075pt x 588.69937pt>
File: ./images/olympics/athlete_textures.PNG Graphic file (type png)
<use ./images/olympics/athlete_textures.PNG>
Package pdftex.def Info: ./images/olympics/athlete_textures.PNG  used on input line 1228.
(pdftex.def)             Requested size: 72.5524pt x 299.8105pt.
<./images/olympics/athlete_blend_colour.jpg, id=1032, 900.36375pt x 694.09312pt>
File: ./images/olympics/athlete_blend_colour.jpg Graphic file (type jpg)
<use ./images/olympics/athlete_blend_colour.jpg>
Package pdftex.def Info: ./images/olympics/athlete_blend_colour.jpg  used on input line 1228.
(pdftex.def)             Requested size: 386.95897pt x 298.30595pt.
 [33 <./images/olympics/athlete_blend_base.PNG> <./images/olympics/athlete_blend_metarig.PNG> <./images/olympics/athlete_blend_rig2.PNG> <./images/olympics/athlete_blend_pose.PNG>]
<./images/olympics/athlete_clothes_base.PNG, id=1041, 1388.18625pt x 447.17062pt>
File: ./images/olympics/athlete_clothes_base.PNG Graphic file (type png)
<use ./images/olympics/athlete_clothes_base.PNG>
Package pdftex.def Info: ./images/olympics/athlete_clothes_base.PNG  used on input line 1243.
(pdftex.def)             Requested size: 435.32422pt x 140.23175pt.
<./images/olympics/athlete_clothes_colour.PNG, id=1042, 1385.92781pt x 483.30562pt>
File: ./images/olympics/athlete_clothes_colour.PNG Graphic file (type png)
<use ./images/olympics/athlete_clothes_colour.PNG>
Package pdftex.def Info: ./images/olympics/athlete_clothes_colour.PNG  used on input line 1245.
(pdftex.def)             Requested size: 435.32422pt x 151.80696pt.
 [34 <./images/olympics/athlete_textures.PNG> <./images/olympics/athlete_blend_colour.jpg>]
<./images/olympics/athlete_blend_clothes.PNG, id=1048, 868.74562pt x 658.71094pt>
File: ./images/olympics/athlete_blend_clothes.PNG Graphic file (type png)
<use ./images/olympics/athlete_blend_clothes.PNG>
Package pdftex.def Info: ./images/olympics/athlete_blend_clothes.PNG  used on input line 1253.
(pdftex.def)             Requested size: 386.95897pt x 293.4119pt.
 [35 <./images/olympics/athlete_clothes_base.PNG> <./images/olympics/athlete_clothes_colour.PNG> <./images/olympics/athlete_blend_clothes.PNG>]
<./images/olympics/athlete_world.PNG, id=1056, 965.10562pt x 566.115pt>
File: ./images/olympics/athlete_world.PNG Graphic file (type png)
<use ./images/olympics/athlete_world.PNG>
Package pdftex.def Info: ./images/olympics/athlete_world.PNG  used on input line 1266.
(pdftex.def)             Requested size: 386.95897pt x 226.97755pt.
 [36 <./images/olympics/athlete_world.PNG>]
<./images/olympics/props_world.PNG, id=1079, 966.61125pt x 566.115pt>
File: ./images/olympics/props_world.PNG Graphic file (type png)
<use ./images/olympics/props_world.PNG>
Package pdftex.def Info: ./images/olympics/props_world.PNG  used on input line 1310.
(pdftex.def)             Requested size: 386.95897pt x 226.63202pt.
<./images/olympics/rings_textures.PNG, id=1080, 114.4275pt x 470.50781pt>
File: ./images/olympics/rings_textures.PNG Graphic file (type png)
<use ./images/olympics/rings_textures.PNG>
Package pdftex.def Info: ./images/olympics/rings_textures.PNG  used on input line 1323.
(pdftex.def)             Requested size: 72.55414pt x 299.81013pt.
<./images/olympics/rings_blend.jpg, id=1081, 899.61093pt x 691.08188pt>
File: ./images/olympics/rings_blend.jpg Graphic file (type jpg)
<use ./images/olympics/rings_blend.jpg>
Package pdftex.def Info: ./images/olympics/rings_blend.jpg  used on input line 1323.
(pdftex.def)             Requested size: 386.95897pt x 297.26486pt.
 [37 <./images/olympics/props_world.PNG>]
<./images/olympics/cone_blend.jpg, id=1103, 897.3525pt x 691.08188pt>
File: ./images/olympics/cone_blend.jpg Graphic file (type jpg)
<use ./images/olympics/cone_blend.jpg>
Package pdftex.def Info: ./images/olympics/cone_blend.jpg  used on input line 1332.
(pdftex.def)             Requested size: 386.95897pt x 298.00302pt.
 [38 <./images/olympics/rings_textures.PNG> <./images/olympics/rings_blend.jpg>]
<./images/olympics/track_dimensions.jpg, id=1109, 881.54344pt x 496.10344pt>
File: ./images/olympics/track_dimensions.jpg Graphic file (type jpg)
<use ./images/olympics/track_dimensions.jpg>
Package pdftex.def Info: ./images/olympics/track_dimensions.jpg  used on input line 1343.
(pdftex.def)             Requested size: 386.95897pt x 217.76385pt.
<./images/olympics/track_colours.PNG, id=1110, 836.3747pt x 420.06938pt>
File: ./images/olympics/track_colours.PNG Graphic file (type png)
<use ./images/olympics/track_colours.PNG>
Package pdftex.def Info: ./images/olympics/track_colours.PNG  used on input line 1351.
(pdftex.def)             Requested size: 386.95897pt x 194.35596pt.
 [39 <./images/olympics/cone_blend.jpg> <./images/olympics/track_dimensions.jpg>]
<./images/olympics/track_final.PNG, id=1115, 630.85687pt x 510.40688pt>
File: ./images/olympics/track_final.PNG Graphic file (type png)
<use ./images/olympics/track_final.PNG>
Package pdftex.def Info: ./images/olympics/track_final.PNG  used on input line 1359.
(pdftex.def)             Requested size: 386.95897pt x 313.0767pt.
 [40 <./images/olympics/track_colours.PNG> <./images/olympics/track_final.PNG>]
<./images/olympics/map_world.PNG, id=1127, 961.34157pt x 563.10374pt>
File: ./images/olympics/map_world.PNG Graphic file (type png)
<use ./images/olympics/map_world.PNG>
Package pdftex.def Info: ./images/olympics/map_world.PNG  used on input line 1381.
(pdftex.def)             Requested size: 386.95897pt x 226.66382pt.
<./images/olympics/terrain_textures.PNG, id=1128, 939.51pt x 261.22594pt>
File: ./images/olympics/terrain_textures.PNG Graphic file (type png)
<use ./images/olympics/terrain_textures.PNG>
Package pdftex.def Info: ./images/olympics/terrain_textures.PNG  used on input line 1399.
(pdftex.def)             Requested size: 386.95897pt x 107.5896pt.
 [41 <./images/olympics/map_world.PNG>] [42 <./images/olympics/terrain_textures.PNG>]
Overfull \hbox (2.30807pt too wide) in paragraph at lines 1462--1463
[][][][][][][][][][][][][][][][][][][][][][][] 
 []


Overfull \hbox (2.30807pt too wide) in paragraph at lines 1463--1464
[][][][][][][][][][][] 
 []


Overfull \hbox (2.30807pt too wide) in paragraph at lines 1471--1472
[][][][][][][][][][] 
 []


Overfull \hbox (2.30807pt too wide) in paragraph at lines 1476--1477
[][][][][][][][][][] 
 []


Overfull \hbox (2.30807pt too wide) in paragraph at lines 1481--1482
[][][][][][][][][][] 
 []


Overfull \hbox (2.30807pt too wide) in paragraph at lines 1486--1487
[][][][][][][][][][] 
 []

<./images/olympics/terrain_world.PNG, id=1202, 963.6pt x 566.86781pt>
File: ./images/olympics/terrain_world.PNG Graphic file (type png)
<use ./images/olympics/terrain_world.PNG>
Package pdftex.def Info: ./images/olympics/terrain_world.PNG  used on input line 1505.
(pdftex.def)             Requested size: 386.95897pt x 227.63402pt.
[43]
<references.pdf, id=1254, 614.295pt x 794.97pt>
File: references.pdf Graphic file (type pdf)
<use references.pdf>
Package pdftex.def Info: references.pdf  used on input line 1514.
(pdftex.def)             Requested size: 614.29349pt x 794.96806pt.
File: references.pdf Graphic file (type pdf)
<use references.pdf>
Package pdftex.def Info: references.pdf  used on input line 1514.
(pdftex.def)             Requested size: 614.29349pt x 794.96806pt.
<references.pdf, id=1257, page=1, 614.295pt x 794.97pt>
File: references.pdf Graphic file (type pdf)
<use references.pdf, page 1>
Package pdftex.def Info: references.pdf , page1 used on input line 1514.
(pdftex.def)             Requested size: 614.29349pt x 794.96806pt.
File: references.pdf Graphic file (type pdf)
<use references.pdf, page 1>
Package pdftex.def Info: references.pdf , page1 used on input line 1514.
(pdftex.def)             Requested size: 597.78697pt x 773.60669pt.
 [44 <./images/olympics/terrain_world.PNG>]
File: references.pdf Graphic file (type pdf)
<use references.pdf, page 1>
Package pdftex.def Info: references.pdf , page1 used on input line 1514.
(pdftex.def)             Requested size: 597.78697pt x 773.60669pt.
File: references.pdf Graphic file (type pdf)
<use references.pdf, page 1>
Package pdftex.def Info: references.pdf , page1 used on input line 1514.
(pdftex.def)             Requested size: 597.78697pt x 773.60669pt.
File: references.pdf Graphic file (type pdf)
<use references.pdf, page 1>
Package pdftex.def Info: references.pdf , page1 used on input line 1514.
(pdftex.def)             Requested size: 597.78697pt x 773.60669pt.
 [45 <f:/TEAN/Portfolio/olympics-graphics/report/references.pdf>]
File: references.pdf Graphic file (type pdf)
<use references.pdf>
Package pdftex.def Info: references.pdf  used on input line 1515.
(pdftex.def)             Requested size: 614.29349pt x 794.96806pt.
File: references.pdf Graphic file (type pdf)
<use references.pdf>
Package pdftex.def Info: references.pdf  used on input line 1515.
(pdftex.def)             Requested size: 614.29349pt x 794.96806pt.
<references.pdf, id=1285, page=2, 614.295pt x 794.97pt>
File: references.pdf Graphic file (type pdf)
<use references.pdf, page 2>
Package pdftex.def Info: references.pdf , page2 used on input line 1515.
(pdftex.def)             Requested size: 614.29349pt x 794.96806pt.
File: references.pdf Graphic file (type pdf)
<use references.pdf, page 2>
Package pdftex.def Info: references.pdf , page2 used on input line 1515.
(pdftex.def)             Requested size: 597.78697pt x 773.60669pt.
File: references.pdf Graphic file (type pdf)
<use references.pdf, page 2>
Package pdftex.def Info: references.pdf , page2 used on input line 1515.
(pdftex.def)             Requested size: 597.78697pt x 773.60669pt.
File: references.pdf Graphic file (type pdf)
<use references.pdf, page 2>
Package pdftex.def Info: references.pdf , page2 used on input line 1515.
(pdftex.def)             Requested size: 597.78697pt x 773.60669pt.
File: references.pdf Graphic file (type pdf)
<use references.pdf, page 2>
Package pdftex.def Info: references.pdf , page2 used on input line 1515.
(pdftex.def)             Requested size: 597.78697pt x 773.60669pt.
 [46 <f:/TEAN/Portfolio/olympics-graphics/report/references.pdf>]
<references.pdf, id=1300, page=3, 614.295pt x 794.97pt>
File: references.pdf Graphic file (type pdf)
<use references.pdf, page 3>
Package pdftex.def Info: references.pdf , page3 used on input line 1515.
(pdftex.def)             Requested size: 597.78697pt x 773.60669pt.
File: references.pdf Graphic file (type pdf)
<use references.pdf, page 3>
Package pdftex.def Info: references.pdf , page3 used on input line 1515.
(pdftex.def)             Requested size: 597.78697pt x 773.60669pt.
File: references.pdf Graphic file (type pdf)
<use references.pdf, page 3>
Package pdftex.def Info: references.pdf , page3 used on input line 1515.
(pdftex.def)             Requested size: 597.78697pt x 773.60669pt.
 [47 <f:/TEAN/Portfolio/olympics-graphics/report/references.pdf>]
Package atveryend Info: Empty hook `BeforeClearDocument' on input line 1516.
Package atveryend Info: Empty hook `AfterLastShipout' on input line 1516.
 (f:/TEAN\Portfolio\olympics-graphics\report\report.aux)
Package atveryend Info: Executing hook `AtVeryEndDocument' on input line 1516.
Package atveryend Info: Executing hook `AtEndAfterFileList' on input line 1516.
Package rerunfilecheck Info: File `report.out' has not changed.
(rerunfilecheck)             Checksum: DB8C31DDA7C087E6F2BF43D964F69AB6;1265.
Package atveryend Info: Empty hook `AtVeryVeryEnd' on input line 1516.
 ) 
Here is how much of TeX's memory you used:
 16123 strings out of 480934
 262845 string characters out of 2899918
 742894 words of memory out of 3000000
 30746 multiletter control sequences out of 15000+200000
 544096 words of font info for 68 fonts, out of 3000000 for 9000
 1141 hyphenation exceptions out of 8191
 55i,18n,99p,1007b,1863s stack positions out of 5000i,500n,10000p,200000b,50000s
 <C:\Users\teanm\AppData\Local\MiKTeX\2.9\fonts/pk/ljfour/jknappen/ec/dpi600\tcti1000.pk> <C:\Users\teanm\AppData\Local\MiKTeX\2.9\fonts/pk/ljfour/jknappen/ec/dpi600\tcrm1200.pk> <C:\Users\teanm\AppData\Local\MiKTeX\2.9\fonts/pk/ljfour/jknappen/ec/dpi600\tcrm1000.pk><C:/Users/teanm/AppData/Local/Programs/MiKTeX 2.9/fonts/type1/public/amsfonts/cm/cmbx10.pfb><C:/Users/teanm/AppData/Local/Programs/MiKTeX 2.9/fonts/type1/public/amsfonts/cm/cmbx12.pfb><C:/Users/teanm/AppData/Local/Programs/MiKTeX 2.9/fonts/type1/public/amsfonts/cm/cmmi10.pfb><C:/Users/teanm/AppData/Local/Programs/MiKTeX 2.9/fonts/type1/public/amsfonts/cm/cmr10.pfb><C:/Users/teanm/AppData/Local/Programs/MiKTeX 2.9/fonts/type1/public/amsfonts/cm/cmr12.pfb><C:/Users/teanm/AppData/Local/Programs/MiKTeX 2.9/fonts/type1/public/amsfonts/cm/cmr17.pfb><C:/Users/teanm/AppData/Local/Programs/MiKTeX 2.9/fonts/type1/public/amsfonts/cm/cmsy10.pfb><C:/Users/teanm/AppData/Local/Programs/MiKTeX 2.9/fonts/type1/public/amsfonts/cm/cmti10.pfb><C:/Users/teanm/AppData/Local/Programs/MiKTeX 2.9/fonts/type1/public/amsfonts/cm/cmti12.pfb><C:/Users/teanm/AppData/Local/Programs/MiKTeX 2.9/fonts/type1/public/amsfonts/symbols/msam10.pfb>
Output written on f:/TEAN\Portfolio\olympics-graphics\report\report.pdf (47 pages, 52358351 bytes).
PDF statistics:
 1533 PDF objects out of 1728 (max. 8388607)
 888 named destinations out of 1000 (max. 500000)
 459 words of extra memory for PDF output out of 10000 (max. 10000000)

